<?xml version="1.0" encoding="UTF-8"?>
<testsuite name="com.ruleup.ruleup_backend.RuleupBackendApplicationTests" tests="1" skipped="0" failures="0" errors="0" timestamp="2026-05-26T07:45:55.169Z" hostname="DESKTOP-UU09GPT" time="32.724">
  <properties/>
  <testcase name="contextLoads()" classname="com.ruleup.ruleup_backend.RuleupBackendApplicationTests" time="3.339"/>
  <system-out><![CDATA[16:45:55.405 [Test worker] INFO org.springframework.test.context.support.AnnotationConfigContextLoaderUtils -- Could not detect default configuration classes for test class [com.ruleup.ruleup_backend.RuleupBackendApplicationTests]: RuleupBackendApplicationTests does not declare any static, non-private, non-final, nested classes annotated with @Configuration.
16:45:55.735 [Test worker] INFO org.springframework.boot.test.context.SpringBootTestContextBootstrapper -- Found @SpringBootConfiguration com.ruleup.ruleup_backend.RuleupBackendApplication for test class com.ruleup.ruleup_backend.RuleupBackendApplicationTests
16:45:56.044 [Test worker] INFO org.springframework.test.context.support.AnnotationConfigContextLoaderUtils -- Could not detect default configuration classes for test class [com.ruleup.ruleup_backend.RuleupBackendApplicationTests]: RuleupBackendApplicationTests does not declare any static, non-private, non-final, nested classes annotated with @Configuration.
16:45:56.049 [Test worker] INFO org.springframework.boot.test.context.SpringBootTestContextBootstrapper -- Found @SpringBootConfiguration com.ruleup.ruleup_backend.RuleupBackendApplication for test class com.ruleup.ruleup_backend.RuleupBackendApplicationTests

  .   ____          _            __ _ _
 /\\ / ___'_ __ _ _(_)_ __  __ _ \ \ \ \
( ( )\___ | '_ | '_| | '_ \/ _` | \ \ \ \
 \\/  ___)| |_)| | | | | || (_| |  ) ) ) )
  '  |____| .__|_| |_|_| |_\__, | / / / /
 =========|_|==============|___/=/_/_/_/

 :: Spring Boot ::                (v4.0.6)

2026-05-26T16:45:57.728+09:00  INFO 10508 --- [ruleup-backend] [    Test worker] c.r.r.RuleupBackendApplicationTests      : Starting RuleupBackendApplicationTests using Java 25-loom with PID 10508 (started by 이성은 in C:\Users\이성은\Desktop\SW마에스트로\project\Backend)
2026-05-26T16:45:57.733+09:00  INFO 10508 --- [ruleup-backend] [    Test worker] c.r.r.RuleupBackendApplicationTests      : No active profile set, falling back to 1 default profile: "default"
2026-05-26T16:46:03.016+09:00  INFO 10508 --- [ruleup-backend] [    Test worker] .s.d.r.c.RepositoryConfigurationDelegate : Multiple Spring Data modules found, entering strict repository configuration mode
2026-05-26T16:46:03.027+09:00  INFO 10508 --- [ruleup-backend] [    Test worker] .s.d.r.c.RepositoryConfigurationDelegate : Bootstrapping Spring Data Reactive Elasticsearch repositories in DEFAULT mode.
2026-05-26T16:46:03.096+09:00  INFO 10508 --- [ruleup-backend] [    Test worker] .s.d.r.c.RepositoryConfigurationDelegate : Finished Spring Data repository scanning in 41 ms. Found 0 Reactive Elasticsearch repository interfaces.
2026-05-26T16:46:03.111+09:00  INFO 10508 --- [ruleup-backend] [    Test worker] .s.d.r.c.RepositoryConfigurationDelegate : Multiple Spring Data modules found, entering strict repository configuration mode
2026-05-26T16:46:03.111+09:00  INFO 10508 --- [ruleup-backend] [    Test worker] .s.d.r.c.RepositoryConfigurationDelegate : Bootstrapping Spring Data Elasticsearch repositories in DEFAULT mode.
2026-05-26T16:46:03.125+09:00  INFO 10508 --- [ruleup-backend] [    Test worker] .s.d.r.c.RepositoryConfigurationDelegate : Finished Spring Data repository scanning in 7 ms. Found 0 Elasticsearch repository interfaces.
2026-05-26T16:46:03.250+09:00  INFO 10508 --- [ruleup-backend] [    Test worker] .s.d.r.c.RepositoryConfigurationDelegate : Multiple Spring Data modules found, entering strict repository configuration mode
2026-05-26T16:46:03.253+09:00  INFO 10508 --- [ruleup-backend] [    Test worker] .s.d.r.c.RepositoryConfigurationDelegate : Bootstrapping Spring Data JPA repositories in DEFAULT mode.
2026-05-26T16:46:03.284+09:00  INFO 10508 --- [ruleup-backend] [    Test worker] .s.d.r.c.RepositoryConfigurationDelegate : Finished Spring Data repository scanning in 10 ms. Found 0 JPA repository interfaces.
2026-05-26T16:46:03.423+09:00  INFO 10508 --- [ruleup-backend] [    Test worker] .s.d.r.c.RepositoryConfigurationDelegate : Multiple Spring Data modules found, entering strict repository configuration mode
2026-05-26T16:46:03.427+09:00  INFO 10508 --- [ruleup-backend] [    Test worker] .s.d.r.c.RepositoryConfigurationDelegate : Bootstrapping Spring Data Redis repositories in DEFAULT mode.
2026-05-26T16:46:03.457+09:00  INFO 10508 --- [ruleup-backend] [    Test worker] .s.d.r.c.RepositoryConfigurationDelegate : Finished Spring Data repository scanning in 4 ms. Found 0 Redis repository interfaces.
2026-05-26T16:46:06.871+09:00  INFO 10508 --- [ruleup-backend] [    Test worker] com.zaxxer.hikari.HikariDataSource       : HikariPool-1 - Starting...
2026-05-26T16:46:07.549+09:00  INFO 10508 --- [ruleup-backend] [    Test worker] com.zaxxer.hikari.pool.HikariPool        : HikariPool-1 - Added connection conn0: url=jdbc:h2:mem:75171dd0-1e2d-4833-be25-d22001396b8a user=SA
2026-05-26T16:46:07.553+09:00  INFO 10508 --- [ruleup-backend] [    Test worker] com.zaxxer.hikari.HikariDataSource       : HikariPool-1 - Start completed.
2026-05-26T16:46:07.661+09:00  INFO 10508 --- [ruleup-backend] [    Test worker] org.flywaydb.core.FlywayExecutor         : Database: jdbc:h2:mem:75171dd0-1e2d-4833-be25-d22001396b8a (H2 2.4)
2026-05-26T16:46:07.675+09:00  WARN 10508 --- [ruleup-backend] [    Test worker] o.f.c.internal.database.base.Database    : Using H2 2.4.240 which is newer than the version Flyway has been verified with. The latest verified version of H2 is 2.3.232.
2026-05-26T16:46:07.736+09:00  INFO 10508 --- [ruleup-backend] [    Test worker] o.f.c.i.s.JdbcTableSchemaHistory         : Schema history table "PUBLIC"."flyway_schema_history" does not exist yet
2026-05-26T16:46:07.741+09:00  INFO 10508 --- [ruleup-backend] [    Test worker] o.f.core.internal.command.DbValidate     : Successfully validated 0 migrations (execution time 00:00.025s)
2026-05-26T16:46:07.741+09:00  WARN 10508 --- [ruleup-backend] [    Test worker] o.f.core.internal.command.DbValidate     : No migrations found. Are your locations set up correctly?
2026-05-26T16:46:07.766+09:00  INFO 10508 --- [ruleup-backend] [    Test worker] o.f.c.i.s.JdbcTableSchemaHistory         : Creating Schema History table "PUBLIC"."flyway_schema_history" ...
2026-05-26T16:46:07.870+09:00  INFO 10508 --- [ruleup-backend] [    Test worker] o.f.core.internal.command.DbMigrate      : Current version of schema "PUBLIC": << Empty Schema >>
2026-05-26T16:46:07.880+09:00  INFO 10508 --- [ruleup-backend] [    Test worker] o.f.core.internal.command.DbMigrate      : Schema "PUBLIC" is up to date. No migration necessary.
2026-05-26T16:46:08.491+09:00  INFO 10508 --- [ruleup-backend] [    Test worker] org.hibernate.orm.jpa                    : HHH008540: Processing PersistenceUnitInfo [name: default]
2026-05-26T16:46:09.387+09:00  INFO 10508 --- [ruleup-backend] [    Test worker] org.hibernate.orm.core                   : HHH000001: Hibernate ORM core version 7.2.12.Final
2026-05-26T16:46:13.192+09:00  INFO 10508 --- [ruleup-backend] [    Test worker] o.s.o.j.p.SpringPersistenceUnitInfo      : No LoadTimeWeaver setup: ignoring JPA class transformer
2026-05-26T16:46:13.578+09:00  INFO 10508 --- [ruleup-backend] [    Test worker] org.hibernate.orm.connections.pooling    : HHH10001005: Database info:
	Database JDBC URL [jdbc:h2:mem:75171dd0-1e2d-4833-be25-d22001396b8a]
	Database driver: H2 JDBC Driver
	Database dialect: H2Dialect
	Database version: 2.4.240
	Default catalog/schema: 75171DD0-1E2D-4833-BE25-D22001396B8A/PUBLIC
	Autocommit mode: undefined/unknown
	Isolation level: READ_COMMITTED [default READ_COMMITTED]
	JDBC fetch size: 100
	Pool: DataSourceConnectionProvider
	Minimum pool size: undefined/unknown
	Maximum pool size: undefined/unknown
2026-05-26T16:46:14.991+09:00  INFO 10508 --- [ruleup-backend] [    Test worker] org.hibernate.orm.core                   : HHH000489: No JTA platform available (set 'hibernate.transaction.jta.platform' to enable JTA platform integration)
2026-05-26T16:46:15.022+09:00  INFO 10508 --- [ruleup-backend] [    Test worker] j.LocalContainerEntityManagerFactoryBean : Initialized JPA EntityManagerFactory for persistence unit 'default'
2026-05-26T16:46:15.329+09:00  WARN 10508 --- [ruleup-backend] [    Test worker] JpaBaseConfiguration$JpaWebConfiguration : spring.jpa.open-in-view is enabled by default. Therefore, database queries may be performed during view rendering. Explicitly configure spring.jpa.open-in-view to disable this warning
2026-05-26T16:46:23.500+09:00  INFO 10508 --- [ruleup-backend] [    Test worker] o.s.b.a.e.web.EndpointLinksResolver      : Exposing 1 endpoint beneath base path '/actuator'
2026-05-26T16:46:24.330+09:00  INFO 10508 --- [ruleup-backend] [    Test worker] c.r.r.RuleupBackendApplicationTests      : Started RuleupBackendApplicationTests in 28.078 seconds (process running for 33.475)
]]></system-out>
  <system-err><![CDATA[Mockito is currently self-attaching to enable the inline-mock-maker. This will no longer work in future releases of the JDK. Please add Mockito as an agent to your build as described in Mockito's documentation: https://javadoc.io/doc/org.mockito/mockito-core/latest/org.mockito/org/mockito/Mockito.html#0.3
WARNING: A Java agent has been loaded dynamically (C:\Users\이성은\.gradle\caches\modules-2\files-2.1\net.bytebuddy\byte-buddy-agent\1.17.8\f09415827a71be7ed621c7bd02550678f28bc81c\byte-buddy-agent-1.17.8.jar)
WARNING: If a serviceability tool is in use, please run with -XX:+EnableDynamicAgentLoading to hide this warning
WARNING: If a serviceability tool is not in use, please run with -Djdk.instrument.traceUsage for more information
WARNING: Dynamic loading of agents will be disallowed by default in a future release
]]></system-err>
</testsuite>
